{"uuid":"54093a62-1f29-406f-a9aa-4a1765f43896","historyId":"9018310104bdaca7a71d5025ee505c43","fullName":"FindPostalIndexTests.FindPostalIndex","labels":[{"name":"package","value":"FindPostalIndexTests"},{"name":"testClass","value":"FindPostalIndexTests"},{"name":"testMethod","value":"FindPostalIndex"},{"name":"parentSuite","value":"Default Suite"},{"name":"suite","value":"UkrPoshta.iml"},{"name":"subSuite","value":"FindPostalIndexTests"},{"name":"host","value":"DESKTOP-1E8NOIV"},{"name":"thread","value":"70008@DESKTOP-1E8NOIV.main(1)"},{"name":"framework","value":"testng"},{"name":"language","value":"java"}],"links":[],"name":"FindPostalIndex","status":"failed","statusDetails":{"known":false,"muted":false,"flaky":false,"message":"Invalid element state [By.xpath: //button[@type=\"submit\"]]: Element <button class=\"submitButton col-md-12 col-xs-12\" type=\"submit\"> is not clickable at point (393,668) because another element <div class=\"cookie-message ng-star-inserted\"> obscures it\r\nScreenshot: file:/C:/UkrPoshta/build/reports/tests/1667065826993.0.png\r\nPage source: file:/C:/UkrPoshta/build/reports/tests/1667065826993.0.html\r\nTimeout: 4 s.\r\nCaused by: ElementClickInterceptedException: Element <button class=\"submitButton col-md-12 col-xs-12\" type=\"submit\"> is not clickable at point (393,668) because another element <div class=\"cookie-message ng-star-inserted\"> obscures it","trace":"Invalid element state [By.xpath: //button[@type=\"submit\"]]: Element <button class=\"submitButton col-md-12 col-xs-12\" type=\"submit\"> is not clickable at point (393,668) because another element <div class=\"cookie-message ng-star-inserted\"> obscures it\r\nScreenshot: file:/C:/UkrPoshta/build/reports/tests/1667065826993.0.png\r\nPage source: file:/C:/UkrPoshta/build/reports/tests/1667065826993.0.html\r\nTimeout: 4 s.\r\nCaused by: ElementClickInterceptedException: Element <button class=\"submitButton col-md-12 col-xs-12\" type=\"submit\"> is not clickable at point (393,668) because another element <div class=\"cookie-message ng-star-inserted\"> obscures it\r\n\tat com.codeborne.selenide.impl.ExceptionWrapper.wrap(ExceptionWrapper.java:26)\r\n\tat com.codeborne.selenide.impl.SelenideElementProxy.dispatchAndRetry(SelenideElementProxy.java:151)\r\n\tat com.codeborne.selenide.impl.SelenideElementProxy.invoke(SelenideElementProxy.java:81)\r\n\tat com.sun.proxy.$Proxy14.click(Unknown Source)\r\n\tat ua.ukrposhta.Pages.FindPostalIndexPage.clickOnSubmitButton(FindPostalIndexPage.java:69)\r\n\tat FindPostalIndexTests.FindPostalIndex(FindPostalIndexTests.java:43)\r\n\tat java.base/jdk.internal.reflect.NativeMethodAccessorImpl.invoke0(Native Method)\r\n\tat java.base/jdk.internal.reflect.NativeMethodAccessorImpl.invoke(NativeMethodAccessorImpl.java:62)\r\n\tat java.base/jdk.internal.reflect.DelegatingMethodAccessorImpl.invoke(DelegatingMethodAccessorImpl.java:43)\r\n\tat java.base/java.lang.reflect.Method.invoke(Method.java:566)\r\n\tat org.testng.internal.invokers.MethodInvocationHelper.invokeMethod(MethodInvocationHelper.java:139)\r\n\tat org.testng.internal.invokers.TestInvoker.invokeMethod(TestInvoker.java:677)\r\n\tat org.testng.internal.invokers.TestInvoker.invokeTestMethod(TestInvoker.java:221)\r\n\tat org.testng.internal.invokers.MethodRunner.runInSequence(MethodRunner.java:50)\r\n\tat org.testng.internal.invokers.TestInvoker$MethodInvocationAgent.invoke(TestInvoker.java:962)\r\n\tat org.testng.internal.invokers.TestInvoker.invokeTestMethods(TestInvoker.java:194)\r\n\tat org.testng.internal.invokers.TestMethodWorker.invokeTestMethods(TestMethodWorker.java:148)\r\n\tat org.testng.internal.invokers.TestMethodWorker.run(TestMethodWorker.java:128)\r\n\tat java.base/java.util.ArrayList.forEach(ArrayList.java:1540)\r\n\tat org.testng.TestRunner.privateRun(TestRunner.java:806)\r\n\tat org.testng.TestRunner.run(TestRunner.java:601)\r\n\tat org.testng.SuiteRunner.runTest(SuiteRunner.java:433)\r\n\tat org.testng.SuiteRunner.runSequentially(SuiteRunner.java:427)\r\n\tat org.testng.SuiteRunner.privateRun(SuiteRunner.java:387)\r\n\tat org.testng.SuiteRunner.run(SuiteRunner.java:330)\r\n\tat org.testng.SuiteRunnerWorker.runSuite(SuiteRunnerWorker.java:52)\r\n\tat org.testng.SuiteRunnerWorker.run(SuiteRunnerWorker.java:95)\r\n\tat org.testng.TestNG.runSuitesSequentially(TestNG.java:1256)\r\n\tat org.testng.TestNG.runSuitesLocally(TestNG.java:1176)\r\n\tat org.testng.TestNG.runSuites(TestNG.java:1099)\r\n\tat org.testng.TestNG.run(TestNG.java:1067)\r\n\tat com.intellij.rt.testng.IDEARemoteTestNG.run(IDEARemoteTestNG.java:66)\r\n\tat com.intellij.rt.testng.RemoteTestNGStarter.main(RemoteTestNGStarter.java:109)\r\nCaused by: org.openqa.selenium.ElementClickInterceptedException: Element <button class=\"submitButton col-md-12 col-xs-12\" type=\"submit\"> is not clickable at point (393,668) because another element <div class=\"cookie-message ng-star-inserted\"> obscures it\nBuild info: version: '4.3.0', revision: 'a4995e2c09*'\nSystem info: host: 'DESKTOP-1E8NOIV', ip: '192.168.0.106', os.name: 'Windows 10', os.arch: 'amd64', os.version: '10.0', java.version: '11'\nDriver info: org.openqa.selenium.firefox.FirefoxDriver\nCommand: [39289a3c-3951-4deb-bd63-97782db62a2c, clickElement {id=1e84f483-15fb-4fea-acce-3b0cfdf79cef}]\nCapabilities {acceptInsecureCerts: true, browserName: firefox, browserVersion: 106.0.2, moz:accessibilityChecks: false, moz:buildID: 20221025065831, moz:debuggerAddress: [::1]:60343, moz:geckodriverVersion: 0.32.0, moz:headless: false, moz:platformVersion: 10.0, moz:processID: 181792, moz:profile: C:\\Users\\user\\AppData\\Local..., moz:shutdownTimeout: 60000, moz:useNonSpecCompliantPointerOrigin: false, moz:webdriverClick: true, moz:windowless: false, pageLoadStrategy: normal, platformName: WINDOWS, proxy: Proxy(), se:cdp: ws://[::1]:60343/devtools/b..., se:cdpVersion: 85.0, setWindowRect: true, strictFileInteractability: false, timeouts: {implicit: 0, pageLoad: 300000, script: 30000}, unhandledPromptBehavior: accept}\nElement: [[FirefoxDriver: firefox on WINDOWS (39289a3c-3951-4deb-bd63-97782db62a2c)] -> xpath: //button[@type=\"submit\"]]\nSession ID: 39289a3c-3951-4deb-bd63-97782db62a2c\r\n\tat jdk.internal.reflect.GeneratedConstructorAccessor12.newInstance(Unknown Source)\r\n\tat java.base/jdk.internal.reflect.DelegatingConstructorAccessorImpl.newInstance(DelegatingConstructorAccessorImpl.java:45)\r\n\tat java.base/java.lang.reflect.Constructor.newInstance(Constructor.java:490)\r\n\tat org.openqa.selenium.remote.codec.w3c.W3CHttpResponseCodec.createException(W3CHttpResponseCodec.java:200)\r\n\tat org.openqa.selenium.remote.codec.w3c.W3CHttpResponseCodec.decode(W3CHttpResponseCodec.java:133)\r\n\tat org.openqa.selenium.remote.codec.w3c.W3CHttpResponseCodec.decode(W3CHttpResponseCodec.java:53)\r\n\tat org.openqa.selenium.remote.HttpCommandExecutor.execute(HttpCommandExecutor.java:184)\r\n\tat org.openqa.selenium.remote.service.DriverCommandExecutor.invokeExecute(DriverCommandExecutor.java:167)\r\n\tat org.openqa.selenium.remote.service.DriverCommandExecutor.execute(DriverCommandExecutor.java:142)\r\n\tat org.openqa.selenium.remote.RemoteWebDriver.execute(RemoteWebDriver.java:569)\r\n\tat org.openqa.selenium.remote.RemoteWebElement.execute(RemoteWebElement.java:257)\r\n\tat org.openqa.selenium.remote.RemoteWebElement.click(RemoteWebElement.java:78)\r\n\tat com.codeborne.selenide.commands.Click.defaultClick(Click.java:97)\r\n\tat com.codeborne.selenide.commands.Click.click(Click.java:54)\r\n\tat com.codeborne.selenide.commands.Click.execute(Click.java:31)\r\n\tat com.codeborne.selenide.commands.Click.execute(Click.java:21)\r\n\tat com.codeborne.selenide.commands.Commands.execute(Commands.java:155)\r\n\tat com.codeborne.selenide.impl.SelenideElementProxy.dispatchAndRetry(SelenideElementProxy.java:129)\r\n\t... 31 more\r\n"},"stage":"finished","steps":[],"attachments":[],"parameters":[],"start":1667065810619,"stop":1667065827226}