{"uuid":"572e57ee-fd23-4952-83ad-91c67b4d59ba","historyId":"86f4c15da028b0abb380ca03fc78188c","fullName":"StandartCreateTests.createNewDespatch","labels":[{"name":"package","value":"StandartCreateTests"},{"name":"testClass","value":"StandartCreateTests"},{"name":"testMethod","value":"createNewDespatch"},{"name":"parentSuite","value":"Default Suite"},{"name":"suite","value":"UkrPoshta.iml"},{"name":"subSuite","value":"StandartCreateTests"},{"name":"host","value":"DESKTOP-1E8NOIV"},{"name":"thread","value":"9136@DESKTOP-1E8NOIV.main(1)"},{"name":"framework","value":"testng"},{"name":"language","value":"java"}],"links":[],"name":"createNewDespatch","status":"failed","statusDetails":{"known":false,"muted":false,"flaky":false,"message":"Invalid element state [By.xpath: //*[@id=\"masseg_cookie\"]]: Element <input id=\"masseg_cookie\" class=\"btn-blue\" type=\"button\"> is not clickable at point (1257,634) because another element <div id=\"page-preloader\" class=\"preloader done\"> obscures it\r\nScreenshot: file:/C:/UkrPoshta/build/reports/tests/1668713035947.0.png\r\nPage source: file:/C:/UkrPoshta/build/reports/tests/1668713035947.0.html\r\nTimeout: 4 s.\r\nCaused by: ElementClickInterceptedException: Element <input id=\"masseg_cookie\" class=\"btn-blue\" type=\"button\"> is not clickable at point (1257,634) because another element <div id=\"page-preloader\" class=\"preloader done\"> obscures it","trace":"Invalid element state [By.xpath: //*[@id=\"masseg_cookie\"]]: Element <input id=\"masseg_cookie\" class=\"btn-blue\" type=\"button\"> is not clickable at point (1257,634) because another element <div id=\"page-preloader\" class=\"preloader done\"> obscures it\r\nScreenshot: file:/C:/UkrPoshta/build/reports/tests/1668713035947.0.png\r\nPage source: file:/C:/UkrPoshta/build/reports/tests/1668713035947.0.html\r\nTimeout: 4 s.\r\nCaused by: ElementClickInterceptedException: Element <input id=\"masseg_cookie\" class=\"btn-blue\" type=\"button\"> is not clickable at point (1257,634) because another element <div id=\"page-preloader\" class=\"preloader done\"> obscures it\r\n\tat com.codeborne.selenide.impl.ExceptionWrapper.wrap(ExceptionWrapper.java:26)\r\n\tat com.codeborne.selenide.impl.SelenideElementProxy.dispatchAndRetry(SelenideElementProxy.java:151)\r\n\tat com.codeborne.selenide.impl.SelenideElementProxy.invoke(SelenideElementProxy.java:81)\r\n\tat com.sun.proxy.$Proxy14.click(Unknown Source)\r\n\tat StandartCreateTests.createNewDespatch(StandartCreateTests.java:37)\r\n\tat java.base/jdk.internal.reflect.NativeMethodAccessorImpl.invoke0(Native Method)\r\n\tat java.base/jdk.internal.reflect.NativeMethodAccessorImpl.invoke(NativeMethodAccessorImpl.java:62)\r\n\tat java.base/jdk.internal.reflect.DelegatingMethodAccessorImpl.invoke(DelegatingMethodAccessorImpl.java:43)\r\n\tat java.base/java.lang.reflect.Method.invoke(Method.java:566)\r\n\tat org.testng.internal.invokers.MethodInvocationHelper.invokeMethod(MethodInvocationHelper.java:139)\r\n\tat org.testng.internal.invokers.TestInvoker.invokeMethod(TestInvoker.java:677)\r\n\tat org.testng.internal.invokers.TestInvoker.invokeTestMethod(TestInvoker.java:221)\r\n\tat org.testng.internal.invokers.MethodRunner.runInSequence(MethodRunner.java:50)\r\n\tat org.testng.internal.invokers.TestInvoker$MethodInvocationAgent.invoke(TestInvoker.java:962)\r\n\tat org.testng.internal.invokers.TestInvoker.invokeTestMethods(TestInvoker.java:194)\r\n\tat org.testng.internal.invokers.TestMethodWorker.invokeTestMethods(TestMethodWorker.java:148)\r\n\tat org.testng.internal.invokers.TestMethodWorker.run(TestMethodWorker.java:128)\r\n\tat java.base/java.util.ArrayList.forEach(ArrayList.java:1540)\r\n\tat org.testng.TestRunner.privateRun(TestRunner.java:806)\r\n\tat org.testng.TestRunner.run(TestRunner.java:601)\r\n\tat org.testng.SuiteRunner.runTest(SuiteRunner.java:433)\r\n\tat org.testng.SuiteRunner.runSequentially(SuiteRunner.java:427)\r\n\tat org.testng.SuiteRunner.privateRun(SuiteRunner.java:387)\r\n\tat org.testng.SuiteRunner.run(SuiteRunner.java:330)\r\n\tat org.testng.SuiteRunnerWorker.runSuite(SuiteRunnerWorker.java:52)\r\n\tat org.testng.SuiteRunnerWorker.run(SuiteRunnerWorker.java:95)\r\n\tat org.testng.TestNG.runSuitesSequentially(TestNG.java:1256)\r\n\tat org.testng.TestNG.runSuitesLocally(TestNG.java:1176)\r\n\tat org.testng.TestNG.runSuites(TestNG.java:1099)\r\n\tat org.testng.TestNG.run(TestNG.java:1067)\r\n\tat com.intellij.rt.testng.IDEARemoteTestNG.run(IDEARemoteTestNG.java:66)\r\n\tat com.intellij.rt.testng.RemoteTestNGStarter.main(RemoteTestNGStarter.java:109)\r\nCaused by: org.openqa.selenium.ElementClickInterceptedException: Element <input id=\"masseg_cookie\" class=\"btn-blue\" type=\"button\"> is not clickable at point (1257,634) because another element <div id=\"page-preloader\" class=\"preloader done\"> obscures it\nBuild info: version: '4.3.0', revision: 'a4995e2c09*'\nSystem info: host: 'DESKTOP-1E8NOIV', ip: '172.31.154.42', os.name: 'Windows 10', os.arch: 'amd64', os.version: '10.0', java.version: '11'\nDriver info: org.openqa.selenium.firefox.FirefoxDriver\nCommand: [a65894c5-6b67-491b-9fce-1e4938fe1ec6, clickElement {id=ee553e3e-3e3a-4c19-bbce-3f1c8bcc36ed}]\nCapabilities {acceptInsecureCerts: true, browserName: firefox, browserVersion: 107.0, moz:accessibilityChecks: false, moz:buildID: 20221110173214, moz:debuggerAddress: 127.0.0.1:54558, moz:geckodriverVersion: 0.32.0, moz:headless: false, moz:platformVersion: 10.0, moz:processID: 15184, moz:profile: C:\\Users\\user\\AppData\\Local..., moz:shutdownTimeout: 60000, moz:useNonSpecCompliantPointerOrigin: false, moz:webdriverClick: true, moz:windowless: false, pageLoadStrategy: normal, platformName: WINDOWS, proxy: Proxy(), se:cdp: ws://127.0.0.1:54558/devtoo..., se:cdpVersion: 85.0, setWindowRect: true, strictFileInteractability: false, timeouts: {implicit: 0, pageLoad: 300000, script: 30000}, unhandledPromptBehavior: accept}\nElement: [[FirefoxDriver: firefox on WINDOWS (a65894c5-6b67-491b-9fce-1e4938fe1ec6)] -> xpath: //*[@id=\"masseg_cookie\"]]\nSession ID: a65894c5-6b67-491b-9fce-1e4938fe1ec6\r\n\tat java.base/jdk.internal.reflect.NativeConstructorAccessorImpl.newInstance0(Native Method)\r\n\tat java.base/jdk.internal.reflect.NativeConstructorAccessorImpl.newInstance(NativeConstructorAccessorImpl.java:62)\r\n\tat java.base/jdk.internal.reflect.DelegatingConstructorAccessorImpl.newInstance(DelegatingConstructorAccessorImpl.java:45)\r\n\tat java.base/java.lang.reflect.Constructor.newInstance(Constructor.java:490)\r\n\tat org.openqa.selenium.remote.codec.w3c.W3CHttpResponseCodec.createException(W3CHttpResponseCodec.java:200)\r\n\tat org.openqa.selenium.remote.codec.w3c.W3CHttpResponseCodec.decode(W3CHttpResponseCodec.java:133)\r\n\tat org.openqa.selenium.remote.codec.w3c.W3CHttpResponseCodec.decode(W3CHttpResponseCodec.java:53)\r\n\tat org.openqa.selenium.remote.HttpCommandExecutor.execute(HttpCommandExecutor.java:184)\r\n\tat org.openqa.selenium.remote.service.DriverCommandExecutor.invokeExecute(DriverCommandExecutor.java:167)\r\n\tat org.openqa.selenium.remote.service.DriverCommandExecutor.execute(DriverCommandExecutor.java:142)\r\n\tat org.openqa.selenium.remote.RemoteWebDriver.execute(RemoteWebDriver.java:569)\r\n\tat org.openqa.selenium.remote.RemoteWebElement.execute(RemoteWebElement.java:257)\r\n\tat org.openqa.selenium.remote.RemoteWebElement.click(RemoteWebElement.java:78)\r\n\tat com.codeborne.selenide.commands.Click.defaultClick(Click.java:97)\r\n\tat com.codeborne.selenide.commands.Click.click(Click.java:54)\r\n\tat com.codeborne.selenide.commands.Click.execute(Click.java:31)\r\n\tat com.codeborne.selenide.commands.Click.execute(Click.java:21)\r\n\tat com.codeborne.selenide.commands.Commands.execute(Commands.java:155)\r\n\tat com.codeborne.selenide.impl.SelenideElementProxy.dispatchAndRetry(SelenideElementProxy.java:129)\r\n\t... 30 more\r\n"},"stage":"finished","steps":[],"attachments":[],"parameters":[],"start":1668713031504,"stop":1668713036134}