{"uuid":"c8fe4179-b380-49ca-b874-9716c97a3b06","name":"PersonalAccountPageTests.setUp","children":["8910a98a-9521-4203-b9c3-2486389b5fd8"],"description":"","befores":[{"name":"setUp","status":"failed","statusDetails":{"known":false,"muted":false,"flaky":false,"message":"Invalid element state [By.xpath: //*[@id=\"registration-form\"]/form/div[24]/div[2]/div]: element click intercepted: Element <div class=\"btn-group btn-group-justified\" role=\"group\">...</div> is not clickable at point (942, 780). Other element would receive the click: <div class=\"cookie-message\" style=\"display: flex;\">...</div>\r\nScreenshot: file:/C:/UkrPoshta/build/reports/tests/1664297596982.6.png\r\nPage source: file:/C:/UkrPoshta/build/reports/tests/1664297596982.6.html\r\nTimeout: 4 s.\r\nCaused by: ElementClickInterceptedException: element click intercepted: Element <div class=\"btn-group btn-group-justified\" role=\"group\">...</div> is not clickable at point (942, 780). Other element would receive the click: <div class=\"cookie-message\" style=\"display: flex;\">...</div>","trace":"Invalid element state [By.xpath: //*[@id=\"registration-form\"]/form/div[24]/div[2]/div]: element click intercepted: Element <div class=\"btn-group btn-group-justified\" role=\"group\">...</div> is not clickable at point (942, 780). Other element would receive the click: <div class=\"cookie-message\" style=\"display: flex;\">...</div>\r\nScreenshot: file:/C:/UkrPoshta/build/reports/tests/1664297596982.6.png\r\nPage source: file:/C:/UkrPoshta/build/reports/tests/1664297596982.6.html\r\nTimeout: 4 s.\r\nCaused by: ElementClickInterceptedException: element click intercepted: Element <div class=\"btn-group btn-group-justified\" role=\"group\">...</div> is not clickable at point (942, 780). Other element would receive the click: <div class=\"cookie-message\" style=\"display: flex;\">...</div>\r\n\tat com.codeborne.selenide.impl.ExceptionWrapper.wrap(ExceptionWrapper.java:26)\r\n\tat com.codeborne.selenide.impl.SelenideElementProxy.dispatchAndRetry(SelenideElementProxy.java:151)\r\n\tat com.codeborne.selenide.impl.SelenideElementProxy.invoke(SelenideElementProxy.java:81)\r\n\tat com.sun.proxy.$Proxy13.click(Unknown Source)\r\n\tat ua.ukrposhta.Pages.LogInPage.clickOnTheLogInButton(LogInPage.java:40)\r\n\tat PersonalAccountPageTests.setUp(PersonalAccountPageTests.java:28)\r\n\tat java.base/jdk.internal.reflect.NativeMethodAccessorImpl.invoke0(Native Method)\r\n\tat java.base/jdk.internal.reflect.NativeMethodAccessorImpl.invoke(NativeMethodAccessorImpl.java:62)\r\n\tat java.base/jdk.internal.reflect.DelegatingMethodAccessorImpl.invoke(DelegatingMethodAccessorImpl.java:43)\r\n\tat java.base/java.lang.reflect.Method.invoke(Method.java:566)\r\n\tat org.testng.internal.invokers.MethodInvocationHelper.invokeMethod(MethodInvocationHelper.java:139)\r\n\tat org.testng.internal.invokers.MethodInvocationHelper.invokeMethodConsideringTimeout(MethodInvocationHelper.java:69)\r\n\tat org.testng.internal.invokers.ConfigInvoker.invokeConfigurationMethod(ConfigInvoker.java:361)\r\n\tat org.testng.internal.invokers.ConfigInvoker.invokeConfigurations(ConfigInvoker.java:296)\r\n\tat org.testng.internal.invokers.TestInvoker.runConfigMethods(TestInvoker.java:816)\r\n\tat org.testng.internal.invokers.TestInvoker.invokeMethod(TestInvoker.java:590)\r\n\tat org.testng.internal.invokers.TestInvoker.invokeTestMethod(TestInvoker.java:221)\r\n\tat org.testng.internal.invokers.MethodRunner.runInSequence(MethodRunner.java:50)\r\n\tat org.testng.internal.invokers.TestInvoker$MethodInvocationAgent.invoke(TestInvoker.java:962)\r\n\tat org.testng.internal.invokers.TestInvoker.invokeTestMethods(TestInvoker.java:194)\r\n\tat org.testng.internal.invokers.TestMethodWorker.invokeTestMethods(TestMethodWorker.java:148)\r\n\tat org.testng.internal.invokers.TestMethodWorker.run(TestMethodWorker.java:128)\r\n\tat java.base/java.util.ArrayList.forEach(ArrayList.java:1540)\r\n\tat org.testng.TestRunner.privateRun(TestRunner.java:806)\r\n\tat org.testng.TestRunner.run(TestRunner.java:601)\r\n\tat org.testng.SuiteRunner.runTest(SuiteRunner.java:433)\r\n\tat org.testng.SuiteRunner.runSequentially(SuiteRunner.java:427)\r\n\tat org.testng.SuiteRunner.privateRun(SuiteRunner.java:387)\r\n\tat org.testng.SuiteRunner.run(SuiteRunner.java:330)\r\n\tat org.testng.SuiteRunnerWorker.runSuite(SuiteRunnerWorker.java:52)\r\n\tat org.testng.SuiteRunnerWorker.run(SuiteRunnerWorker.java:95)\r\n\tat org.testng.TestNG.runSuitesSequentially(TestNG.java:1256)\r\n\tat org.testng.TestNG.runSuitesLocally(TestNG.java:1176)\r\n\tat org.testng.TestNG.runSuites(TestNG.java:1099)\r\n\tat org.testng.TestNG.run(TestNG.java:1067)\r\n\tat org.apache.maven.surefire.testng.TestNGExecutor.run(TestNGExecutor.java:135)\r\n\tat org.apache.maven.surefire.testng.TestNGDirectoryTestSuite.executeMulti(TestNGDirectoryTestSuite.java:193)\r\n\tat org.apache.maven.surefire.testng.TestNGDirectoryTestSuite.execute(TestNGDirectoryTestSuite.java:94)\r\n\tat org.apache.maven.surefire.testng.TestNGProvider.invoke(TestNGProvider.java:146)\r\n\tat org.apache.maven.surefire.booter.ForkedBooter.invokeProviderInSameClassLoader(ForkedBooter.java:386)\r\n\tat org.apache.maven.surefire.booter.ForkedBooter.runSuitesInProcess(ForkedBooter.java:323)\r\n\tat org.apache.maven.surefire.booter.ForkedBooter.main(ForkedBooter.java:143)\r\nCaused by: org.openqa.selenium.ElementClickInterceptedException: element click intercepted: Element <div class=\"btn-group btn-group-justified\" role=\"group\">...</div> is not clickable at point (942, 780). Other element would receive the click: <div class=\"cookie-message\" style=\"display: flex;\">...</div>\n  (Session info: chrome=105.0.5195.127)\nBuild info: version: '4.3.0', revision: 'a4995e2c09*'\nSystem info: host: 'DESKTOP-1E8NOIV', ip: '192.168.0.106', os.name: 'Windows 10', os.arch: 'amd64', os.version: '10.0', java.version: '11'\nDriver info: org.openqa.selenium.chrome.ChromeDriver\nCommand: [9bdbf1d69aabf98ed006dd767bd516b8, clickElement {id=ba90d798-89c7-4b9d-b442-2abf3609619d}]\nCapabilities {acceptInsecureCerts: true, browserName: chrome, browserVersion: 105.0.5195.127, chrome: {chromedriverVersion: 105.0.5195.52 (412c95e51883..., userDataDir: C:\\Users\\user\\AppData\\Local...}, goog:chromeOptions: {debuggerAddress: localhost:56572}, networkConnectionEnabled: false, pageLoadStrategy: normal, platformName: WINDOWS, proxy: Proxy(), se:cdp: ws://localhost:56572/devtoo..., se:cdpVersion: 105.0.5195.127, setWindowRect: true, strictFileInteractability: false, timeouts: {implicit: 0, pageLoad: 300000, script: 30000}, unhandledPromptBehavior: accept, webauthn:extension:credBlob: true, webauthn:extension:largeBlob: true, webauthn:virtualAuthenticators: true}\nElement: [[ChromeDriver: chrome on WINDOWS (9bdbf1d69aabf98ed006dd767bd516b8)] -> xpath: //*[@id=\"registration-form\"]/form/div[24]/div[2]/div]\nSession ID: 9bdbf1d69aabf98ed006dd767bd516b8\r\n\tat jdk.internal.reflect.GeneratedConstructorAccessor15.newInstance(Unknown Source)\r\n\tat java.base/jdk.internal.reflect.DelegatingConstructorAccessorImpl.newInstance(DelegatingConstructorAccessorImpl.java:45)\r\n\tat java.base/java.lang.reflect.Constructor.newInstance(Constructor.java:490)\r\n\tat org.openqa.selenium.remote.codec.w3c.W3CHttpResponseCodec.createException(W3CHttpResponseCodec.java:200)\r\n\tat org.openqa.selenium.remote.codec.w3c.W3CHttpResponseCodec.decode(W3CHttpResponseCodec.java:133)\r\n\tat org.openqa.selenium.remote.codec.w3c.W3CHttpResponseCodec.decode(W3CHttpResponseCodec.java:53)\r\n\tat org.openqa.selenium.remote.HttpCommandExecutor.execute(HttpCommandExecutor.java:184)\r\n\tat org.openqa.selenium.remote.service.DriverCommandExecutor.invokeExecute(DriverCommandExecutor.java:167)\r\n\tat org.openqa.selenium.remote.service.DriverCommandExecutor.execute(DriverCommandExecutor.java:142)\r\n\tat org.openqa.selenium.remote.RemoteWebDriver.execute(RemoteWebDriver.java:569)\r\n\tat org.openqa.selenium.remote.RemoteWebElement.execute(RemoteWebElement.java:257)\r\n\tat org.openqa.selenium.remote.RemoteWebElement.click(RemoteWebElement.java:78)\r\n\tat com.codeborne.selenide.commands.Click.defaultClick(Click.java:97)\r\n\tat com.codeborne.selenide.commands.Click.click(Click.java:54)\r\n\tat com.codeborne.selenide.commands.Click.execute(Click.java:31)\r\n\tat com.codeborne.selenide.commands.Click.execute(Click.java:21)\r\n\tat com.codeborne.selenide.commands.Commands.execute(Commands.java:155)\r\n\tat com.codeborne.selenide.impl.SelenideElementProxy.dispatchAndRetry(SelenideElementProxy.java:129)\r\n\t... 40 more\r\n"},"stage":"finished","description":"","steps":[],"attachments":[],"parameters":[],"start":1664297585965,"stop":1664297597212}],"afters":[],"start":1664297585965,"stop":1664297597212}